{"C:\\Users\\angel\\Desktop\\Test\\server\\auth.js": {"path":"C:\\Users\\angel\\Desktop\\Test\\server\\auth.js","statementMap":{"0":{"start":{"line":14,"column":4},"end":{"line":14,"column":19}},"1":{"start":{"line":15,"column":4},"end":{"line":15,"column":29}},"2":{"start":{"line":16,"column":4},"end":{"line":16,"column":20}},"3":{"start":{"line":23,"column":4},"end":{"line":29,"column":6}},"4":{"start":{"line":31,"column":4},"end":{"line":31,"column":51}},"5":{"start":{"line":38,"column":4},"end":{"line":49,"column":6}},"6":{"start":{"line":40,"column":8},"end":{"line":47,"column":13}},"7":{"start":{"line":43,"column":12},"end":{"line":43,"column":36}},"8":{"start":{"line":46,"column":12},"end":{"line":46,"column":42}},"9":{"start":{"line":55,"column":4},"end":{"line":57,"column":7}},"10":{"start":{"line":56,"column":6},"end":{"line":56,"column":23}},"11":{"start":{"line":65,"column":4},"end":{"line":74,"column":7}},"12":{"start":{"line":66,"column":6},"end":{"line":73,"column":11}},"13":{"start":{"line":69,"column":10},"end":{"line":69,"column":27}},"14":{"start":{"line":72,"column":10},"end":{"line":72,"column":26}},"15":{"start":{"line":89,"column":4},"end":{"line":105,"column":7}},"16":{"start":{"line":90,"column":6},"end":{"line":104,"column":25}},"17":{"start":{"line":91,"column":8},"end":{"line":93,"column":9}},"18":{"start":{"line":92,"column":10},"end":{"line":92,"column":29}},"19":{"start":{"line":94,"column":8},"end":{"line":96,"column":9}},"20":{"start":{"line":95,"column":10},"end":{"line":95,"column":30}},"21":{"start":{"line":98,"column":8},"end":{"line":103,"column":11}},"22":{"start":{"line":99,"column":10},"end":{"line":101,"column":11}},"23":{"start":{"line":100,"column":12},"end":{"line":100,"column":31}},"24":{"start":{"line":102,"column":10},"end":{"line":102,"column":35}},"25":{"start":{"line":116,"column":4},"end":{"line":118,"column":7}},"26":{"start":{"line":117,"column":6},"end":{"line":117,"column":38}},"27":{"start":{"line":117,"column":23},"end":{"line":117,"column":36}},"28":{"start":{"line":130,"column":4},"end":{"line":132,"column":5}},"29":{"start":{"line":131,"column":6},"end":{"line":131,"column":20}},"30":{"start":{"line":133,"column":4},"end":{"line":133,"column":80}}},"fnMap":{"0":{"name":"(anonymous_0)","decl":{"start":{"line":13,"column":2},"end":{"line":13,"column":3}},"loc":{"start":{"line":13,"column":19},"end":{"line":17,"column":3}},"line":13},"1":{"name":"(anonymous_1)","decl":{"start":{"line":22,"column":2},"end":{"line":22,"column":3}},"loc":{"start":{"line":22,"column":13},"end":{"line":75,"column":3}},"line":22},"2":{"name":"(anonymous_2)","decl":{"start":{"line":39,"column":24},"end":{"line":39,"column":25}},"loc":{"start":{"line":39,"column":53},"end":{"line":48,"column":7}},"line":39},"3":{"name":"(anonymous_3)","decl":{"start":{"line":42,"column":16},"end":{"line":42,"column":17}},"loc":{"start":{"line":42,"column":26},"end":{"line":44,"column":11}},"line":42},"4":{"name":"(anonymous_4)","decl":{"start":{"line":45,"column":17},"end":{"line":45,"column":18}},"loc":{"start":{"line":45,"column":26},"end":{"line":47,"column":11}},"line":45},"5":{"name":"(anonymous_5)","decl":{"start":{"line":55,"column":27},"end":{"line":55,"column":28}},"loc":{"start":{"line":55,"column":43},"end":{"line":57,"column":5}},"line":55},"6":{"name":"(anonymous_6)","decl":{"start":{"line":65,"column":29},"end":{"line":65,"column":30}},"loc":{"start":{"line":65,"column":45},"end":{"line":74,"column":5}},"line":65},"7":{"name":"(anonymous_7)","decl":{"start":{"line":68,"column":14},"end":{"line":68,"column":15}},"loc":{"start":{"line":68,"column":24},"end":{"line":70,"column":9}},"line":68},"8":{"name":"(anonymous_8)","decl":{"start":{"line":71,"column":15},"end":{"line":71,"column":16}},"loc":{"start":{"line":71,"column":24},"end":{"line":73,"column":9}},"line":71},"9":{"name":"(anonymous_9)","decl":{"start":{"line":88,"column":2},"end":{"line":88,"column":3}},"loc":{"start":{"line":88,"column":24},"end":{"line":106,"column":3}},"line":88},"10":{"name":"(anonymous_10)","decl":{"start":{"line":89,"column":23},"end":{"line":89,"column":24}},"loc":{"start":{"line":89,"column":44},"end":{"line":105,"column":5}},"line":89},"11":{"name":"(anonymous_11)","decl":{"start":{"line":90,"column":37},"end":{"line":90,"column":38}},"loc":{"start":{"line":90,"column":58},"end":{"line":104,"column":7}},"line":90},"12":{"name":"(anonymous_12)","decl":{"start":{"line":98,"column":24},"end":{"line":98,"column":25}},"loc":{"start":{"line":98,"column":33},"end":{"line":103,"column":9}},"line":98},"13":{"name":"(anonymous_13)","decl":{"start":{"line":115,"column":2},"end":{"line":115,"column":3}},"loc":{"start":{"line":115,"column":25},"end":{"line":119,"column":3}},"line":115},"14":{"name":"(anonymous_14)","decl":{"start":{"line":116,"column":23},"end":{"line":116,"column":24}},"loc":{"start":{"line":116,"column":44},"end":{"line":118,"column":5}},"line":116},"15":{"name":"(anonymous_15)","decl":{"start":{"line":117,"column":17},"end":{"line":117,"column":18}},"loc":{"start":{"line":117,"column":23},"end":{"line":117,"column":36}},"line":117},"16":{"name":"(anonymous_16)","decl":{"start":{"line":129,"column":2},"end":{"line":129,"column":3}},"loc":{"start":{"line":129,"column":29},"end":{"line":134,"column":3}},"line":129}},"branchMap":{"0":{"loc":{"start":{"line":91,"column":8},"end":{"line":93,"column":9}},"type":"if","locations":[{"start":{"line":91,"column":8},"end":{"line":93,"column":9}},{"start":{},"end":{}}],"line":91},"1":{"loc":{"start":{"line":94,"column":8},"end":{"line":96,"column":9}},"type":"if","locations":[{"start":{"line":94,"column":8},"end":{"line":96,"column":9}},{"start":{},"end":{}}],"line":94},"2":{"loc":{"start":{"line":99,"column":10},"end":{"line":101,"column":11}},"type":"if","locations":[{"start":{"line":99,"column":10},"end":{"line":101,"column":11}},{"start":{},"end":{}}],"line":99},"3":{"loc":{"start":{"line":130,"column":4},"end":{"line":132,"column":5}},"type":"if","locations":[{"start":{"line":130,"column":4},"end":{"line":132,"column":5}},{"start":{},"end":{}}],"line":130}},"s":{"0":0,"1":0,"2":0,"3":0,"4":0,"5":0,"6":0,"7":0,"8":0,"9":0,"10":0,"11":0,"12":0,"13":0,"14":0,"15":0,"16":0,"17":0,"18":0,"19":0,"20":0,"21":0,"22":0,"23":0,"24":0,"25":0,"26":0,"27":0,"28":0,"29":0,"30":0},"f":{"0":0,"1":0,"2":0,"3":0,"4":0,"5":0,"6":0,"7":0,"8":0,"9":0,"10":0,"11":0,"12":0,"13":0,"14":0,"15":0,"16":0},"b":{"0":[0,0],"1":[0,0],"2":[0,0],"3":[0,0]},"_coverageSchema":"1a1c01bbd47fc00a2c39e90264f33305004495a9","hash":"fc60fb1e8352799c0c9db238ea9b613b18c813cd"}
,"C:\\Users\\angel\\Desktop\\Test\\server\\index.js": {"path":"C:\\Users\\angel\\Desktop\\Test\\server\\index.js","statementMap":{"0":{"start":{"line":8,"column":12},"end":{"line":8,"column":21}},"1":{"start":{"line":9,"column":13},"end":{"line":9,"column":17}},"2":{"start":{"line":12,"column":0},"end":{"line":12,"column":24}},"3":{"start":{"line":13,"column":0},"end":{"line":13,"column":23}},"4":{"start":{"line":14,"column":0},"end":{"line":20,"column":2}},"5":{"start":{"line":23,"column":0},"end":{"line":23,"column":16}},"6":{"start":{"line":26,"column":0},"end":{"line":26,"column":26}},"7":{"start":{"line":29,"column":0},"end":{"line":33,"column":1}},"8":{"start":{"line":30,"column":2},"end":{"line":32,"column":5}},"9":{"start":{"line":31,"column":24},"end":{"line":31,"column":120}},"10":{"start":{"line":42,"column":85},"end":{"line":42,"column":40158}},"11":{"start":{"line":42,"column":89},"end":{"line":42,"column":40147}}},"fnMap":{"0":{"name":"(anonymous_0)","decl":{"start":{"line":30,"column":19},"end":{"line":30,"column":20}},"loc":{"start":{"line":30,"column":25},"end":{"line":32,"column":3}},"line":30},"1":{"name":"oo_cm","decl":{"start":{"line":42,"column":77},"end":{"line":42,"column":82}},"loc":{"start":{"line":42,"column":84},"end":{"line":42,"column":40159}},"line":42}},"branchMap":{"0":{"loc":{"start":{"line":29,"column":0},"end":{"line":33,"column":1}},"type":"if","locations":[{"start":{"line":29,"column":0},"end":{"line":33,"column":1}},{"start":{},"end":{}}],"line":29},"1":{"loc":{"start":{"line":42,"column":96},"end":{"line":42,"column":40146}},"type":"binary-expr","locations":[{"start":{"line":42,"column":96},"end":{"line":42,"column":133}},{"start":{"line":42,"column":137},"end":{"line":42,"column":40146}}],"line":42}},"s":{"0":1,"1":1,"2":1,"3":1,"4":1,"5":1,"6":1,"7":1,"8":0,"9":0,"10":0,"11":0},"f":{"0":0,"1":0},"b":{"0":[0,1],"1":[0,0]},"_coverageSchema":"1a1c01bbd47fc00a2c39e90264f33305004495a9","hash":"e3bee95bdd3cf0a0c49079bf7413815d0de5275f"}
,"C:\\Users\\angel\\Desktop\\Test\\server\\src\\helpers.js": {"path":"C:\\Users\\angel\\Desktop\\Test\\server\\src\\helpers.js","statementMap":{"0":{"start":{"line":11,"column":17},"end":{"line":11,"column":38}},"1":{"start":{"line":12,"column":2},"end":{"line":17,"column":3}},"2":{"start":{"line":13,"column":19},"end":{"line":15,"column":6}},"3":{"start":{"line":14,"column":6},"end":{"line":14,"column":73}},"4":{"start":{"line":16,"column":4},"end":{"line":16,"column":52}},"5":{"start":{"line":18,"column":2},"end":{"line":18,"column":16}},"6":{"start":{"line":26,"column":2},"end":{"line":31,"column":5}},"7":{"start":{"line":27,"column":4},"end":{"line":30,"column":7}}},"fnMap":{"0":{"name":"validateRequest","decl":{"start":{"line":10,"column":9},"end":{"line":10,"column":24}},"loc":{"start":{"line":10,"column":41},"end":{"line":19,"column":1}},"line":10},"1":{"name":"(anonymous_1)","decl":{"start":{"line":13,"column":38},"end":{"line":13,"column":39}},"loc":{"start":{"line":13,"column":45},"end":{"line":15,"column":5}},"line":13},"2":{"name":"registerErrorHandler","decl":{"start":{"line":25,"column":9},"end":{"line":25,"column":29}},"loc":{"start":{"line":25,"column":35},"end":{"line":32,"column":1}},"line":25},"3":{"name":"(anonymous_3)","decl":{"start":{"line":26,"column":10},"end":{"line":26,"column":11}},"loc":{"start":{"line":26,"column":35},"end":{"line":31,"column":3}},"line":26}},"branchMap":{"0":{"loc":{"start":{"line":12,"column":2},"end":{"line":17,"column":3}},"type":"if","locations":[{"start":{"line":12,"column":2},"end":{"line":17,"column":3}},{"start":{},"end":{}}],"line":12},"1":{"loc":{"start":{"line":27,"column":22},"end":{"line":27,"column":43}},"type":"binary-expr","locations":[{"start":{"line":27,"column":22},"end":{"line":27,"column":36}},{"start":{"line":27,"column":40},"end":{"line":27,"column":43}}],"line":27},"2":{"loc":{"start":{"line":28,"column":13},"end":{"line":28,"column":57}},"type":"binary-expr","locations":[{"start":{"line":28,"column":13},"end":{"line":28,"column":30}},{"start":{"line":28,"column":34},"end":{"line":28,"column":57}}],"line":28},"3":{"loc":{"start":{"line":29,"column":14},"end":{"line":29,"column":35}},"type":"binary-expr","locations":[{"start":{"line":29,"column":14},"end":{"line":29,"column":28}},{"start":{"line":29,"column":32},"end":{"line":29,"column":35}}],"line":29}},"s":{"0":0,"1":0,"2":0,"3":0,"4":0,"5":0,"6":0,"7":0},"f":{"0":0,"1":0,"2":0,"3":0},"b":{"0":[0,0],"1":[0,0],"2":[0,0],"3":[0,0]},"_coverageSchema":"1a1c01bbd47fc00a2c39e90264f33305004495a9","hash":"fe67120d335303f1b1b526f31bff81bfdb6bb7a0"}
,"C:\\Users\\angel\\Desktop\\Test\\server\\src\\routes.js": {"path":"C:\\Users\\angel\\Desktop\\Test\\server\\src\\routes.js","statementMap":{"0":{"start":{"line":5,"column":15},"end":{"line":5,"column":29}},"1":{"start":{"line":8,"column":24},"end":{"line":8,"column":46}},"2":{"start":{"line":9,"column":21},"end":{"line":9,"column":50}},"3":{"start":{"line":10,"column":21},"end":{"line":10,"column":50}},"4":{"start":{"line":12,"column":2},"end":{"line":12,"column":56}},"5":{"start":{"line":13,"column":2},"end":{"line":13,"column":53}}},"fnMap":{"0":{"name":"initRoutes","decl":{"start":{"line":7,"column":9},"end":{"line":7,"column":19}},"loc":{"start":{"line":7,"column":25},"end":{"line":14,"column":1}},"line":7}},"branchMap":{},"s":{"0":1,"1":1,"2":1,"3":1,"4":1,"5":1},"f":{"0":1},"b":{},"_coverageSchema":"1a1c01bbd47fc00a2c39e90264f33305004495a9","hash":"a8307b829941e26b2c3c3355006a9c1607dda3d6"}
,"C:\\Users\\angel\\Desktop\\Test\\server\\src\\controllers\\userController.js": {"path":"C:\\Users\\angel\\Desktop\\Test\\server\\src\\controllers\\userController.js","statementMap":{"0":{"start":{"line":9,"column":4},"end":{"line":9,"column":29}},"1":{"start":{"line":22,"column":4},"end":{"line":22,"column":69}}},"fnMap":{"0":{"name":"(anonymous_0)","decl":{"start":{"line":8,"column":2},"end":{"line":8,"column":3}},"loc":{"start":{"line":8,"column":16},"end":{"line":10,"column":3}},"line":8},"1":{"name":"(anonymous_1)","decl":{"start":{"line":21,"column":2},"end":{"line":21,"column":3}},"loc":{"start":{"line":21,"column":57},"end":{"line":23,"column":3}},"line":21}},"branchMap":{},"s":{"0":0,"1":0},"f":{"0":0,"1":0},"b":{},"_coverageSchema":"1a1c01bbd47fc00a2c39e90264f33305004495a9","hash":"2c380480781e4e20e99e628d5b87d49bc543acb2"}
,"C:\\Users\\angel\\Desktop\\Test\\server\\src\\daos\\userDAO.js": {"path":"C:\\Users\\angel\\Desktop\\Test\\server\\src\\daos\\userDAO.js","statementMap":{"0":{"start":{"line":14,"column":4},"end":{"line":44,"column":7}},"1":{"start":{"line":15,"column":6},"end":{"line":43,"column":7}},"2":{"start":{"line":16,"column":20},"end":{"line":18,"column":40}},"3":{"start":{"line":19,"column":8},"end":{"line":40,"column":11}},"4":{"start":{"line":20,"column":10},"end":{"line":23,"column":11}},"5":{"start":{"line":21,"column":12},"end":{"line":21,"column":24}},"6":{"start":{"line":22,"column":12},"end":{"line":22,"column":19}},"7":{"start":{"line":25,"column":10},"end":{"line":39,"column":11}},"8":{"start":{"line":26,"column":12},"end":{"line":26,"column":47}},"9":{"start":{"line":29,"column":35},"end":{"line":33,"column":13}},"10":{"start":{"line":34,"column":32},"end":{"line":34,"column":64}},"11":{"start":{"line":35,"column":12},"end":{"line":37,"column":13}},"12":{"start":{"line":36,"column":14},"end":{"line":36,"column":49}},"13":{"start":{"line":38,"column":12},"end":{"line":38,"column":74}},"14":{"start":{"line":42,"column":8},"end":{"line":42,"column":22}},"15":{"start":{"line":57,"column":4},"end":{"line":81,"column":7}},"16":{"start":{"line":58,"column":6},"end":{"line":80,"column":7}},"17":{"start":{"line":59,"column":21},"end":{"line":59,"column":43}},"18":{"start":{"line":60,"column":31},"end":{"line":60,"column":68}},"19":{"start":{"line":61,"column":20},"end":{"line":62,"column":42}},"20":{"start":{"line":63,"column":8},"end":{"line":77,"column":10}},"21":{"start":{"line":67,"column":12},"end":{"line":74,"column":13}},"22":{"start":{"line":68,"column":14},"end":{"line":71,"column":53}},"23":{"start":{"line":71,"column":16},"end":{"line":71,"column":53}},"24":{"start":{"line":72,"column":14},"end":{"line":72,"column":26}},"25":{"start":{"line":73,"column":14},"end":{"line":73,"column":21}},"26":{"start":{"line":75,"column":12},"end":{"line":75,"column":26}},"27":{"start":{"line":79,"column":8},"end":{"line":79,"column":22}},"28":{"start":{"line":90,"column":4},"end":{"line":109,"column":7}},"29":{"start":{"line":91,"column":6},"end":{"line":108,"column":7}},"30":{"start":{"line":92,"column":20},"end":{"line":94,"column":48}},"31":{"start":{"line":95,"column":8},"end":{"line":105,"column":11}},"32":{"start":{"line":96,"column":10},"end":{"line":99,"column":11}},"33":{"start":{"line":97,"column":12},"end":{"line":97,"column":24}},"34":{"start":{"line":98,"column":12},"end":{"line":98,"column":19}},"35":{"start":{"line":100,"column":10},"end":{"line":103,"column":11}},"36":{"start":{"line":101,"column":12},"end":{"line":101,"column":39}},"37":{"start":{"line":102,"column":12},"end":{"line":102,"column":19}},"38":{"start":{"line":104,"column":10},"end":{"line":104,"column":72}},"39":{"start":{"line":107,"column":8},"end":{"line":107,"column":22}}},"fnMap":{"0":{"name":"(anonymous_0)","decl":{"start":{"line":13,"column":2},"end":{"line":13,"column":3}},"loc":{"start":{"line":13,"column":43},"end":{"line":45,"column":3}},"line":13},"1":{"name":"(anonymous_1)","decl":{"start":{"line":14,"column":23},"end":{"line":14,"column":24}},"loc":{"start":{"line":14,"column":44},"end":{"line":44,"column":5}},"line":14},"2":{"name":"(anonymous_2)","decl":{"start":{"line":19,"column":31},"end":{"line":19,"column":32}},"loc":{"start":{"line":19,"column":45},"end":{"line":40,"column":9}},"line":19},"3":{"name":"(anonymous_3)","decl":{"start":{"line":56,"column":2},"end":{"line":56,"column":3}},"loc":{"start":{"line":56,"column":51},"end":{"line":82,"column":3}},"line":56},"4":{"name":"(anonymous_4)","decl":{"start":{"line":57,"column":23},"end":{"line":57,"column":24}},"loc":{"start":{"line":57,"column":44},"end":{"line":81,"column":5}},"line":57},"5":{"name":"(anonymous_5)","decl":{"start":{"line":66,"column":10},"end":{"line":66,"column":11}},"loc":{"start":{"line":66,"column":19},"end":{"line":76,"column":11}},"line":66},"6":{"name":"(anonymous_6)","decl":{"start":{"line":89,"column":2},"end":{"line":89,"column":3}},"loc":{"start":{"line":89,"column":27},"end":{"line":110,"column":3}},"line":89},"7":{"name":"(anonymous_7)","decl":{"start":{"line":90,"column":23},"end":{"line":90,"column":24}},"loc":{"start":{"line":90,"column":44},"end":{"line":109,"column":5}},"line":90},"8":{"name":"(anonymous_8)","decl":{"start":{"line":95,"column":31},"end":{"line":95,"column":32}},"loc":{"start":{"line":95,"column":45},"end":{"line":105,"column":9}},"line":95}},"branchMap":{"0":{"loc":{"start":{"line":20,"column":10},"end":{"line":23,"column":11}},"type":"if","locations":[{"start":{"line":20,"column":10},"end":{"line":23,"column":11}},{"start":{},"end":{}}],"line":20},"1":{"loc":{"start":{"line":25,"column":10},"end":{"line":39,"column":11}},"type":"if","locations":[{"start":{"line":25,"column":10},"end":{"line":39,"column":11}},{"start":{"line":27,"column":17},"end":{"line":39,"column":11}}],"line":25},"2":{"loc":{"start":{"line":35,"column":12},"end":{"line":37,"column":13}},"type":"if","locations":[{"start":{"line":35,"column":12},"end":{"line":37,"column":13}},{"start":{},"end":{}}],"line":35},"3":{"loc":{"start":{"line":67,"column":12},"end":{"line":74,"column":13}},"type":"if","locations":[{"start":{"line":67,"column":12},"end":{"line":74,"column":13}},{"start":{},"end":{}}],"line":67},"4":{"loc":{"start":{"line":68,"column":14},"end":{"line":71,"column":53}},"type":"if","locations":[{"start":{"line":68,"column":14},"end":{"line":71,"column":53}},{"start":{},"end":{}}],"line":68},"5":{"loc":{"start":{"line":96,"column":10},"end":{"line":99,"column":11}},"type":"if","locations":[{"start":{"line":96,"column":10},"end":{"line":99,"column":11}},{"start":{},"end":{}}],"line":96},"6":{"loc":{"start":{"line":100,"column":10},"end":{"line":103,"column":11}},"type":"if","locations":[{"start":{"line":100,"column":10},"end":{"line":103,"column":11}},{"start":{},"end":{}}],"line":100}},"s":{"0":0,"1":0,"2":0,"3":0,"4":0,"5":0,"6":0,"7":0,"8":0,"9":0,"10":0,"11":0,"12":0,"13":0,"14":0,"15":0,"16":0,"17":0,"18":0,"19":0,"20":0,"21":0,"22":0,"23":0,"24":0,"25":0,"26":0,"27":0,"28":0,"29":0,"30":0,"31":0,"32":0,"33":0,"34":0,"35":0,"36":0,"37":0,"38":0,"39":0},"f":{"0":0,"1":0,"2":0,"3":0,"4":0,"5":0,"6":0,"7":0,"8":0},"b":{"0":[0,0],"1":[0,0],"2":[0,0],"3":[0,0],"4":[0,0],"5":[0,0],"6":[0,0]},"_coverageSchema":"1a1c01bbd47fc00a2c39e90264f33305004495a9","hash":"1f9846919f00a44d1dcd97c5834048e960016a81"}
,"C:\\Users\\angel\\Desktop\\Test\\server\\src\\db\\db.js": {"path":"C:\\Users\\angel\\Desktop\\Test\\server\\src\\db\\db.js","statementMap":{"0":{"start":{"line":4,"column":10},"end":{"line":4,"column":76}},"1":{"start":{"line":7,"column":13},"end":{"line":7,"column":74}},"2":{"start":{"line":10,"column":11},"end":{"line":12,"column":2}},"3":{"start":{"line":11,"column":2},"end":{"line":11,"column":21}},"4":{"start":{"line":11,"column":11},"end":{"line":11,"column":21}}},"fnMap":{"0":{"name":"(anonymous_0)","decl":{"start":{"line":10,"column":37},"end":{"line":10,"column":38}},"loc":{"start":{"line":10,"column":46},"end":{"line":12,"column":1}},"line":10}},"branchMap":{"0":{"loc":{"start":{"line":4,"column":10},"end":{"line":4,"column":76}},"type":"cond-expr","locations":[{"start":{"line":4,"column":33},"end":{"line":4,"column":60}},{"start":{"line":4,"column":63},"end":{"line":4,"column":76}}],"line":4},"1":{"loc":{"start":{"line":7,"column":13},"end":{"line":7,"column":74}},"type":"cond-expr","locations":[{"start":{"line":7,"column":30},"end":{"line":7,"column":50}},{"start":{"line":7,"column":53},"end":{"line":7,"column":74}}],"line":7},"2":{"loc":{"start":{"line":11,"column":2},"end":{"line":11,"column":21}},"type":"if","locations":[{"start":{"line":11,"column":2},"end":{"line":11,"column":21}},{"start":{},"end":{}}],"line":11}},"s":{"0":2,"1":2,"2":2,"3":2,"4":0},"f":{"0":2},"b":{"0":[2,0],"1":[2,0],"2":[0,2]},"_coverageSchema":"1a1c01bbd47fc00a2c39e90264f33305004495a9","hash":"9428061ca72ae63d617e391e891b37f0ed013a41"}
,"C:\\Users\\angel\\Desktop\\Test\\server\\src\\errors\\userError.js": {"path":"C:\\Users\\angel\\Desktop\\Test\\server\\src\\errors\\userError.js","statementMap":{"0":{"start":{"line":1,"column":31},"end":{"line":1,"column":66}},"1":{"start":{"line":2,"column":23},"end":{"line":2,"column":39}},"2":{"start":{"line":3,"column":28},"end":{"line":3,"column":56}},"3":{"start":{"line":10,"column":4},"end":{"line":10,"column":12}},"4":{"start":{"line":11,"column":4},"end":{"line":14,"column":6}},"5":{"start":{"line":15,"column":4},"end":{"line":15,"column":26}},"6":{"start":{"line":24,"column":4},"end":{"line":24,"column":12}},"7":{"start":{"line":25,"column":4},"end":{"line":25,"column":40}},"8":{"start":{"line":26,"column":4},"end":{"line":26,"column":26}},"9":{"start":{"line":35,"column":4},"end":{"line":35,"column":12}},"10":{"start":{"line":36,"column":4},"end":{"line":36,"column":45}},"11":{"start":{"line":37,"column":4},"end":{"line":37,"column":26}}},"fnMap":{"0":{"name":"(anonymous_0)","decl":{"start":{"line":9,"column":2},"end":{"line":9,"column":3}},"loc":{"start":{"line":9,"column":16},"end":{"line":16,"column":3}},"line":9},"1":{"name":"(anonymous_1)","decl":{"start":{"line":23,"column":2},"end":{"line":23,"column":3}},"loc":{"start":{"line":23,"column":16},"end":{"line":27,"column":3}},"line":23},"2":{"name":"(anonymous_2)","decl":{"start":{"line":34,"column":2},"end":{"line":34,"column":3}},"loc":{"start":{"line":34,"column":16},"end":{"line":38,"column":3}},"line":34}},"branchMap":{},"s":{"0":3,"1":3,"2":3,"3":0,"4":0,"5":0,"6":0,"7":0,"8":0,"9":1,"10":1,"11":1},"f":{"0":0,"1":0,"2":1},"b":{},"_coverageSchema":"1a1c01bbd47fc00a2c39e90264f33305004495a9","hash":"76f58d1f0c6c8bc04b09226bf8b55c9787473883"}
,"C:\\Users\\angel\\Desktop\\Test\\server\\src\\models\\User.js": {"path":"C:\\Users\\angel\\Desktop\\Test\\server\\src\\models\\User.js","statementMap":{"0":{"start":{"line":14,"column":4},"end":{"line":14,"column":27}},"1":{"start":{"line":15,"column":4},"end":{"line":15,"column":21}},"2":{"start":{"line":16,"column":4},"end":{"line":16,"column":23}},"3":{"start":{"line":17,"column":4},"end":{"line":17,"column":21}},"4":{"start":{"line":25,"column":13},"end":{"line":29,"column":2}}},"fnMap":{"0":{"name":"(anonymous_0)","decl":{"start":{"line":13,"column":2},"end":{"line":13,"column":3}},"loc":{"start":{"line":13,"column":42},"end":{"line":18,"column":3}},"line":13}},"branchMap":{},"s":{"0":3,"1":3,"2":3,"3":3,"4":3},"f":{"0":3},"b":{},"_coverageSchema":"1a1c01bbd47fc00a2c39e90264f33305004495a9","hash":"30623bfe7ce529dbac6d52799a74e43376e3c76a"}
,"C:\\Users\\angel\\Desktop\\Test\\server\\src\\routes\\authRoutes.js": {"path":"C:\\Users\\angel\\Desktop\\Test\\server\\src\\routes\\authRoutes.js","statementMap":{"0":{"start":{"line":14,"column":4},"end":{"line":14,"column":37}},"1":{"start":{"line":15,"column":4},"end":{"line":15,"column":35}},"2":{"start":{"line":16,"column":4},"end":{"line":16,"column":22}},"3":{"start":{"line":20,"column":4},"end":{"line":20,"column":23}},"4":{"start":{"line":39,"column":4},"end":{"line":57,"column":6}},"5":{"start":{"line":53,"column":8},"end":{"line":56,"column":36}},"6":{"start":{"line":55,"column":26},"end":{"line":55,"column":52}},"7":{"start":{"line":56,"column":26},"end":{"line":56,"column":35}},"8":{"start":{"line":64,"column":4},"end":{"line":72,"column":6}},"9":{"start":{"line":68,"column":8},"end":{"line":71,"column":36}},"10":{"start":{"line":70,"column":22},"end":{"line":70,"column":43}},"11":{"start":{"line":71,"column":26},"end":{"line":71,"column":35}},"12":{"start":{"line":79,"column":4},"end":{"line":83,"column":6}},"13":{"start":{"line":82,"column":20},"end":{"line":82,"column":50}}},"fnMap":{"0":{"name":"(anonymous_0)","decl":{"start":{"line":13,"column":2},"end":{"line":13,"column":3}},"loc":{"start":{"line":13,"column":29},"end":{"line":17,"column":3}},"line":13},"1":{"name":"(anonymous_1)","decl":{"start":{"line":19,"column":2},"end":{"line":19,"column":3}},"loc":{"start":{"line":19,"column":14},"end":{"line":21,"column":3}},"line":19},"2":{"name":"(anonymous_2)","decl":{"start":{"line":29,"column":2},"end":{"line":29,"column":3}},"loc":{"start":{"line":29,"column":15},"end":{"line":84,"column":3}},"line":29},"3":{"name":"(anonymous_3)","decl":{"start":{"line":52,"column":6},"end":{"line":52,"column":7}},"loc":{"start":{"line":53,"column":8},"end":{"line":56,"column":36}},"line":53},"4":{"name":"(anonymous_4)","decl":{"start":{"line":55,"column":16},"end":{"line":55,"column":17}},"loc":{"start":{"line":55,"column":26},"end":{"line":55,"column":52}},"line":55},"5":{"name":"(anonymous_5)","decl":{"start":{"line":56,"column":17},"end":{"line":56,"column":18}},"loc":{"start":{"line":56,"column":26},"end":{"line":56,"column":35}},"line":56},"6":{"name":"(anonymous_6)","decl":{"start":{"line":67,"column":6},"end":{"line":67,"column":7}},"loc":{"start":{"line":68,"column":8},"end":{"line":71,"column":36}},"line":68},"7":{"name":"(anonymous_7)","decl":{"start":{"line":70,"column":16},"end":{"line":70,"column":17}},"loc":{"start":{"line":70,"column":22},"end":{"line":70,"column":43}},"line":70},"8":{"name":"(anonymous_8)","decl":{"start":{"line":71,"column":17},"end":{"line":71,"column":18}},"loc":{"start":{"line":71,"column":26},"end":{"line":71,"column":35}},"line":71},"9":{"name":"(anonymous_9)","decl":{"start":{"line":82,"column":6},"end":{"line":82,"column":7}},"loc":{"start":{"line":82,"column":20},"end":{"line":82,"column":50}},"line":82}},"branchMap":{},"s":{"0":1,"1":1,"2":1,"3":1,"4":1,"5":0,"6":0,"7":0,"8":1,"9":0,"10":0,"11":0,"12":1,"13":0},"f":{"0":1,"1":1,"2":1,"3":0,"4":0,"5":0,"6":0,"7":0,"8":0,"9":0},"b":{},"_coverageSchema":"1a1c01bbd47fc00a2c39e90264f33305004495a9","hash":"27713e857c92697f05a6d9e400328d174ce48ae7"}
,"C:\\Users\\angel\\Desktop\\Test\\server\\src\\routes\\userRoutes.js": {"path":"C:\\Users\\angel\\Desktop\\Test\\server\\src\\routes\\userRoutes.js","statementMap":{"0":{"start":{"line":16,"column":4},"end":{"line":16,"column":37}},"1":{"start":{"line":17,"column":4},"end":{"line":17,"column":35}},"2":{"start":{"line":18,"column":4},"end":{"line":18,"column":43}},"3":{"start":{"line":19,"column":4},"end":{"line":19,"column":22}},"4":{"start":{"line":27,"column":4},"end":{"line":27,"column":23}},"5":{"start":{"line":48,"column":4},"end":{"line":84,"column":6}},"6":{"start":{"line":73,"column":8},"end":{"line":82,"column":37}},"7":{"start":{"line":81,"column":22},"end":{"line":81,"column":43}},"8":{"start":{"line":82,"column":26},"end":{"line":82,"column":35}}},"fnMap":{"0":{"name":"(anonymous_0)","decl":{"start":{"line":15,"column":2},"end":{"line":15,"column":3}},"loc":{"start":{"line":15,"column":29},"end":{"line":20,"column":3}},"line":15},"1":{"name":"(anonymous_1)","decl":{"start":{"line":26,"column":2},"end":{"line":26,"column":3}},"loc":{"start":{"line":26,"column":14},"end":{"line":28,"column":3}},"line":26},"2":{"name":"(anonymous_2)","decl":{"start":{"line":36,"column":2},"end":{"line":36,"column":3}},"loc":{"start":{"line":36,"column":15},"end":{"line":85,"column":3}},"line":36},"3":{"name":"(anonymous_3)","decl":{"start":{"line":72,"column":6},"end":{"line":72,"column":7}},"loc":{"start":{"line":72,"column":26},"end":{"line":83,"column":7}},"line":72},"4":{"name":"(anonymous_4)","decl":{"start":{"line":81,"column":16},"end":{"line":81,"column":17}},"loc":{"start":{"line":81,"column":22},"end":{"line":81,"column":43}},"line":81},"5":{"name":"(anonymous_5)","decl":{"start":{"line":82,"column":17},"end":{"line":82,"column":18}},"loc":{"start":{"line":82,"column":26},"end":{"line":82,"column":35}},"line":82}},"branchMap":{},"s":{"0":1,"1":1,"2":1,"3":1,"4":1,"5":1,"6":2,"7":1,"8":1},"f":{"0":1,"1":1,"2":1,"3":2,"4":1,"5":1},"b":{},"_coverageSchema":"1a1c01bbd47fc00a2c39e90264f33305004495a9","hash":"17eb78a6bb1e263b46f26227519ef20e293ab6e5"}
}
