TN:
SF:auth.js
FN:13,(anonymous_0)
FN:22,(anonymous_1)
FN:39,(anonymous_2)
FN:42,(anonymous_3)
FN:45,(anonymous_4)
FN:55,(anonymous_5)
FN:65,(anonymous_6)
FN:68,(anonymous_7)
FN:71,(anonymous_8)
FN:88,(anonymous_9)
FN:89,(anonymous_10)
FN:90,(anonymous_11)
FN:98,(anonymous_12)
FN:115,(anonymous_13)
FN:116,(anonymous_14)
FN:117,(anonymous_15)
FN:129,(anonymous_16)
FNF:17
FNH:0
FNDA:0,(anonymous_0)
FNDA:0,(anonymous_1)
FNDA:0,(anonymous_2)
FNDA:0,(anonymous_3)
FNDA:0,(anonymous_4)
FNDA:0,(anonymous_5)
FNDA:0,(anonymous_6)
FNDA:0,(anonymous_7)
FNDA:0,(anonymous_8)
FNDA:0,(anonymous_9)
FNDA:0,(anonymous_10)
FNDA:0,(anonymous_11)
FNDA:0,(anonymous_12)
FNDA:0,(anonymous_13)
FNDA:0,(anonymous_14)
FNDA:0,(anonymous_15)
FNDA:0,(anonymous_16)
DA:14,0
DA:15,0
DA:16,0
DA:23,0
DA:31,0
DA:38,0
DA:40,0
DA:43,0
DA:46,0
DA:55,0
DA:56,0
DA:65,0
DA:66,0
DA:69,0
DA:72,0
DA:89,0
DA:90,0
DA:91,0
DA:92,0
DA:94,0
DA:95,0
DA:98,0
DA:99,0
DA:100,0
DA:102,0
DA:116,0
DA:117,0
DA:130,0
DA:131,0
DA:133,0
LF:30
LH:0
BRDA:91,0,0,0
BRDA:91,0,1,0
BRDA:94,1,0,0
BRDA:94,1,1,0
BRDA:99,2,0,0
BRDA:99,2,1,0
BRDA:130,3,0,0
BRDA:130,3,1,0
BRF:8
BRH:0
end_of_record
TN:
SF:index.js
FN:30,(anonymous_0)
FN:42,oo_cm
FNF:2
FNH:0
FNDA:0,(anonymous_0)
FNDA:0,oo_cm
DA:8,1
DA:9,1
DA:12,1
DA:13,1
DA:14,1
DA:23,1
DA:26,1
DA:29,1
DA:30,0
DA:31,0
DA:42,0
LF:11
LH:8
BRDA:29,0,0,0
BRDA:29,0,1,1
BRDA:42,1,0,0
BRDA:42,1,1,0
BRF:4
BRH:1
end_of_record
TN:
SF:src\helpers.js
FN:10,validateRequest
FN:13,(anonymous_1)
FN:25,registerErrorHandler
FN:26,(anonymous_3)
FNF:4
FNH:0
FNDA:0,validateRequest
FNDA:0,(anonymous_1)
FNDA:0,registerErrorHandler
FNDA:0,(anonymous_3)
DA:11,0
DA:12,0
DA:13,0
DA:14,0
DA:16,0
DA:18,0
DA:26,0
DA:27,0
LF:8
LH:0
BRDA:12,0,0,0
BRDA:12,0,1,0
BRDA:27,1,0,0
BRDA:27,1,1,0
BRDA:28,2,0,0
BRDA:28,2,1,0
BRDA:29,3,0,0
BRDA:29,3,1,0
BRF:8
BRH:0
end_of_record
TN:
SF:src\routes.js
FN:7,initRoutes
FNF:1
FNH:1
FNDA:1,initRoutes
DA:5,1
DA:8,1
DA:9,1
DA:10,1
DA:12,1
DA:13,1
LF:6
LH:6
BRF:0
BRH:0
end_of_record
TN:
SF:src\controllers\userController.js
FN:8,(anonymous_0)
FN:21,(anonymous_1)
FNF:2
FNH:0
FNDA:0,(anonymous_0)
FNDA:0,(anonymous_1)
DA:9,0
DA:22,0
LF:2
LH:0
BRF:0
BRH:0
end_of_record
TN:
SF:src\daos\userDAO.js
FN:13,(anonymous_0)
FN:14,(anonymous_1)
FN:19,(anonymous_2)
FN:56,(anonymous_3)
FN:57,(anonymous_4)
FN:66,(anonymous_5)
FN:89,(anonymous_6)
FN:90,(anonymous_7)
FN:95,(anonymous_8)
FNF:9
FNH:0
FNDA:0,(anonymous_0)
FNDA:0,(anonymous_1)
FNDA:0,(anonymous_2)
FNDA:0,(anonymous_3)
FNDA:0,(anonymous_4)
FNDA:0,(anonymous_5)
FNDA:0,(anonymous_6)
FNDA:0,(anonymous_7)
FNDA:0,(anonymous_8)
DA:14,0
DA:15,0
DA:16,0
DA:19,0
DA:20,0
DA:21,0
DA:22,0
DA:25,0
DA:26,0
DA:29,0
DA:34,0
DA:35,0
DA:36,0
DA:38,0
DA:42,0
DA:57,0
DA:58,0
DA:59,0
DA:60,0
DA:61,0
DA:63,0
DA:67,0
DA:68,0
DA:71,0
DA:72,0
DA:73,0
DA:75,0
DA:79,0
DA:90,0
DA:91,0
DA:92,0
DA:95,0
DA:96,0
DA:97,0
DA:98,0
DA:100,0
DA:101,0
DA:102,0
DA:104,0
DA:107,0
LF:40
LH:0
BRDA:20,0,0,0
BRDA:20,0,1,0
BRDA:25,1,0,0
BRDA:25,1,1,0
BRDA:35,2,0,0
BRDA:35,2,1,0
BRDA:67,3,0,0
BRDA:67,3,1,0
BRDA:68,4,0,0
BRDA:68,4,1,0
BRDA:96,5,0,0
BRDA:96,5,1,0
BRDA:100,6,0,0
BRDA:100,6,1,0
BRF:14
BRH:0
end_of_record
TN:
SF:src\db\db.js
FN:10,(anonymous_0)
FNF:1
FNH:1
FNDA:2,(anonymous_0)
DA:4,2
DA:7,2
DA:10,2
DA:11,2
LF:4
LH:4
BRDA:4,0,0,2
BRDA:4,0,1,0
BRDA:7,1,0,2
BRDA:7,1,1,0
BRDA:11,2,0,0
BRDA:11,2,1,2
BRF:6
BRH:3
end_of_record
TN:
SF:src\errors\userError.js
FN:9,(anonymous_0)
FN:23,(anonymous_1)
FN:34,(anonymous_2)
FNF:3
FNH:1
FNDA:0,(anonymous_0)
FNDA:0,(anonymous_1)
FNDA:1,(anonymous_2)
DA:1,3
DA:2,3
DA:3,3
DA:10,0
DA:11,0
DA:15,0
DA:24,0
DA:25,0
DA:26,0
DA:35,1
DA:36,1
DA:37,1
LF:12
LH:6
BRF:0
BRH:0
end_of_record
TN:
SF:src\models\User.js
FN:13,(anonymous_0)
FNF:1
FNH:1
FNDA:3,(anonymous_0)
DA:14,3
DA:15,3
DA:16,3
DA:17,3
DA:25,3
LF:5
LH:5
BRF:0
BRH:0
end_of_record
TN:
SF:src\routes\authRoutes.js
FN:13,(anonymous_0)
FN:19,(anonymous_1)
FN:29,(anonymous_2)
FN:52,(anonymous_3)
FN:55,(anonymous_4)
FN:56,(anonymous_5)
FN:67,(anonymous_6)
FN:70,(anonymous_7)
FN:71,(anonymous_8)
FN:82,(anonymous_9)
FNF:10
FNH:3
FNDA:1,(anonymous_0)
FNDA:1,(anonymous_1)
FNDA:1,(anonymous_2)
FNDA:0,(anonymous_3)
FNDA:0,(anonymous_4)
FNDA:0,(anonymous_5)
FNDA:0,(anonymous_6)
FNDA:0,(anonymous_7)
FNDA:0,(anonymous_8)
FNDA:0,(anonymous_9)
DA:14,1
DA:15,1
DA:16,1
DA:20,1
DA:39,1
DA:53,0
DA:55,0
DA:56,0
DA:64,1
DA:68,0
DA:70,0
DA:71,0
DA:79,1
DA:82,0
LF:14
LH:7
BRF:0
BRH:0
end_of_record
TN:
SF:src\routes\userRoutes.js
FN:15,(anonymous_0)
FN:26,(anonymous_1)
FN:36,(anonymous_2)
FN:72,(anonymous_3)
FN:81,(anonymous_4)
FN:82,(anonymous_5)
FNF:6
FNH:6
FNDA:1,(anonymous_0)
FNDA:1,(anonymous_1)
FNDA:1,(anonymous_2)
FNDA:2,(anonymous_3)
FNDA:1,(anonymous_4)
FNDA:1,(anonymous_5)
DA:16,1
DA:17,1
DA:18,1
DA:19,1
DA:27,1
DA:48,1
DA:73,2
DA:81,1
DA:82,1
LF:9
LH:9
BRF:0
BRH:0
end_of_record
